<?xml version="1.0" encoding="UTF-8"?>
<!-- Generated by org.testng.reporters.JUnitXMLReporter -->
<testsuite hostname="DESKTOP-5K4HR8N" name="Default test" tests="4" failures="0" timestamp="19 Nov 2020 22:17:53 GMT" time="31.08" errors="0">
  <testcase name="USerCanNormalLogin" time="3.526" classname="tests.FirstOrderNewUser"/>
  <testcase name="UserCanSearchRest" time="9.341" classname="tests.FirstOrderNewUser"/>
  <testcase name="UserChooseItemAddToCart" time="15.704" classname="tests.FirstOrderNewUser"/>
  <testcase name="UserCanCheckout" time="1.632" classname="tests.FirstOrderNewUser"/>
</testsuite> <!-- Default test -->
